  ModuleWindow.cpp
c:\users\isabel\desktop\class vec3\amazingengine\amazingengine\imgui\imgui_impl_opengl2.h(21): error C2144: error de sintaxis: 'bool' debe estar precedido de ';'
c:\users\isabel\desktop\class vec3\amazingengine\amazingengine\imgui\imgui_impl_opengl2.h(21): error C4430: falta el especificador de tipo; se presupone int. Nota: C++ no admite default-int
c:\users\isabel\desktop\class vec3\amazingengine\amazingengine\imgui\imgui_impl_opengl2.h(22): error C2144: error de sintaxis: 'void' debe estar precedido de ';'
c:\users\isabel\desktop\class vec3\amazingengine\amazingengine\imgui\imgui_impl_opengl2.h(22): error C4430: falta el especificador de tipo; se presupone int. Nota: C++ no admite default-int
c:\users\isabel\desktop\class vec3\amazingengine\amazingengine\imgui\imgui_impl_opengl2.h(22): error C2086: 'int IMGUI_IMPL_API': nueva definición
  c:\users\isabel\desktop\class vec3\amazingengine\amazingengine\imgui\imgui_impl_opengl2.h(21): note: vea la declaración de 'IMGUI_IMPL_API'
c:\users\isabel\desktop\class vec3\amazingengine\amazingengine\imgui\imgui_impl_opengl2.h(23): error C2144: error de sintaxis: 'void' debe estar precedido de ';'
c:\users\isabel\desktop\class vec3\amazingengine\amazingengine\imgui\imgui_impl_opengl2.h(23): error C4430: falta el especificador de tipo; se presupone int. Nota: C++ no admite default-int
c:\users\isabel\desktop\class vec3\amazingengine\amazingengine\imgui\imgui_impl_opengl2.h(23): error C2086: 'int IMGUI_IMPL_API': nueva definición
  c:\users\isabel\desktop\class vec3\amazingengine\amazingengine\imgui\imgui_impl_opengl2.h(21): note: vea la declaración de 'IMGUI_IMPL_API'
c:\users\isabel\desktop\class vec3\amazingengine\amazingengine\imgui\imgui_impl_opengl2.h(24): error C2144: error de sintaxis: 'void' debe estar precedido de ';'
c:\users\isabel\desktop\class vec3\amazingengine\amazingengine\imgui\imgui_impl_opengl2.h(24): error C4430: falta el especificador de tipo; se presupone int. Nota: C++ no admite default-int
c:\users\isabel\desktop\class vec3\amazingengine\amazingengine\imgui\imgui_impl_opengl2.h(24): error C2086: 'int IMGUI_IMPL_API': nueva definición
  c:\users\isabel\desktop\class vec3\amazingengine\amazingengine\imgui\imgui_impl_opengl2.h(21): note: vea la declaración de 'IMGUI_IMPL_API'
c:\users\isabel\desktop\class vec3\amazingengine\amazingengine\imgui\imgui_impl_opengl2.h(24): error C2065: 'ImDrawData': identificador no declarado
c:\users\isabel\desktop\class vec3\amazingengine\amazingengine\imgui\imgui_impl_opengl2.h(24): error C2065: 'draw_data': identificador no declarado
c:\users\isabel\desktop\class vec3\amazingengine\amazingengine\imgui\imgui_impl_opengl2.h(24): error C2182: 'ImGui_ImplOpenGL2_RenderDrawData': uso no válido del tipo 'void'
c:\users\isabel\desktop\class vec3\amazingengine\amazingengine\imgui\imgui_impl_opengl2.h(27): error C2144: error de sintaxis: 'bool' debe estar precedido de ';'
c:\users\isabel\desktop\class vec3\amazingengine\amazingengine\imgui\imgui_impl_opengl2.h(27): error C4430: falta el especificador de tipo; se presupone int. Nota: C++ no admite default-int
c:\users\isabel\desktop\class vec3\amazingengine\amazingengine\imgui\imgui_impl_opengl2.h(27): error C2086: 'int IMGUI_IMPL_API': nueva definición
  c:\users\isabel\desktop\class vec3\amazingengine\amazingengine\imgui\imgui_impl_opengl2.h(21): note: vea la declaración de 'IMGUI_IMPL_API'
c:\users\isabel\desktop\class vec3\amazingengine\amazingengine\imgui\imgui_impl_opengl2.h(28): error C2144: error de sintaxis: 'void' debe estar precedido de ';'
c:\users\isabel\desktop\class vec3\amazingengine\amazingengine\imgui\imgui_impl_opengl2.h(28): error C4430: falta el especificador de tipo; se presupone int. Nota: C++ no admite default-int
c:\users\isabel\desktop\class vec3\amazingengine\amazingengine\imgui\imgui_impl_opengl2.h(28): error C2086: 'int IMGUI_IMPL_API': nueva definición
  c:\users\isabel\desktop\class vec3\amazingengine\amazingengine\imgui\imgui_impl_opengl2.h(21): note: vea la declaración de 'IMGUI_IMPL_API'
c:\users\isabel\desktop\class vec3\amazingengine\amazingengine\imgui\imgui_impl_opengl2.h(29): error C2144: error de sintaxis: 'bool' debe estar precedido de ';'
c:\users\isabel\desktop\class vec3\amazingengine\amazingengine\imgui\imgui_impl_opengl2.h(29): error C4430: falta el especificador de tipo; se presupone int. Nota: C++ no admite default-int
c:\users\isabel\desktop\class vec3\amazingengine\amazingengine\imgui\imgui_impl_opengl2.h(29): error C2086: 'int IMGUI_IMPL_API': nueva definición
  c:\users\isabel\desktop\class vec3\amazingengine\amazingengine\imgui\imgui_impl_opengl2.h(21): note: vea la declaración de 'IMGUI_IMPL_API'
c:\users\isabel\desktop\class vec3\amazingengine\amazingengine\imgui\imgui_impl_opengl2.h(30): error C2144: error de sintaxis: 'void' debe estar precedido de ';'
c:\users\isabel\desktop\class vec3\amazingengine\amazingengine\imgui\imgui_impl_opengl2.h(30): error C4430: falta el especificador de tipo; se presupone int. Nota: C++ no admite default-int
c:\users\isabel\desktop\class vec3\amazingengine\amazingengine\imgui\imgui_impl_opengl2.h(30): error C2086: 'int IMGUI_IMPL_API': nueva definición
  c:\users\isabel\desktop\class vec3\amazingengine\amazingengine\imgui\imgui_impl_opengl2.h(21): note: vea la declaración de 'IMGUI_IMPL_API'
